[DEBU] proc.mirtcp.util 2020/05/22 13:58:08 ---> 服务端发送 (server.CONNECTED) 4字节: [4,0,0,0]
[DEBU] proc.mirtcp.util 2020/05/22 13:58:08 <--- 服务端收到 (client.CLIENT_VERSION) 24字节: [24,0,0,0,16,0,0,0,170,124,11,209,41,241,81,142,137,41,214,160,138,169,152,239]
[DEBU] proc.mirtcp.util 2020/05/22 13:58:08 ---> 服务端发送 (server.CLIENT_VERSION) 5字节: [5,0,1,0,1]
[DEBU] proc.mirtcp.util 2020/05/22 13:58:08 <--- 服务端收到 (client.LOGIN) 18字节: [18,0,5,0,6,102,97,110,102,97,110,6,102,97,110,102,97,110]
[DEBU] proc.mirtcp.util 2020/05/22 13:58:15 ---> 服务端发送 (server.LOGIN_SUCCESS) 79字节: [79,0,9,0,3,0,0,0,1,0,0,0,6,102,97,110,102,97,110,1,0,0,0,0,0,0,0,0,0,0,0,2,0,0,0,9,229,147,136,229,147,136,229,147,136,1,0,1,0,0,0,0,0,0,0,0,0,3,0,0,0,5,97,115,100,97,115,1,0,0,0,0,0,0,0,0,0,0,0]
[DEBU] proc.mirtcp.util 2020/05/22 13:58:15 <--- 服务端收到 (client.START_GAME) 6字节: [6,0,8,0,1,0]
[DEBU] server 2020/05/22 13:58:19 ############################ 打印::p.Level ############################ %!s(uint16=1)
[DEBU] server 2020/05/22 13:58:19 player login,AccountID(1) Name(fanfan)
[DEBU] server 2020/05/22 13:58:19 ############################ 打印::p.Map ############################ Map(1,Filename: 0,Title: 比奇省,Width: 700,Height: 700) %!s(MISSING)
[DEBU] server 2020/05/22 13:58:19 ############################ 打印::item ############################ {"ID":221,"Name":"木剑","Type":1,"Grade":1,"RequiredType":0,"RequiredClass":7,"RequiredGender":3,"ItemSet":0,"Shape":0,"Weight":4,"Light":0,"RequiredAmount":1,"Image":30,"Durability":4000,"StackSize":1,"Price":50,"MinAC":0,"MaxAC":0,"MinMAC":0,"MaxMAC":0,"MinDC":2,"MaxDC":4,"MinMC":0,"MaxMC":0,"MinSC":0,"MaxSC":0,"HP":0,"MP":0,"Accuracy":0,"Agility":0,"Luck":0,"AttackSpeed":0,"StartItem":true,"BagWeight":0,"HandWeight":0,"WearWeight":0,"Effect":0,"Strong":0,"MagicResist":0,"PoisonResist":0,"HealthRecovery":0,"SpellRecovery":0,"PoisonRecovery":0,"HpRate":0,"MpRate":0,"CriticalRate":0,"CriticalDamage":0,"Bools":0,"MaxAcRate":0,"MaxMacRate":0,"Holy":0,"Freezing":0,"PoisonAttack":0,"Bind":0,"Reflect":0,"HpDrainRate":0,"UniqueItem":0,"RandomStatsId":1,"CanFastRun":false,"CanAwakening":true,"IsToolTip":false,"ToolTip":"","ClassBased":false,"LevelBased":false} %!s(<nil>)
---------------打印 p.Level %!s(uint16=1)
---------------打印 baseStats.HpGain %!s(float32=4)
---------------打印 baseStats.HpGainRate %!s(float32=4.5)
---------------打印 %!s(uint16=18)
[DEBU] server 2020/05/22 13:58:19 p.Name: fanfan
p.LooksArmour = 0
p.LooksWeapon = 0
p.LooksWeaponEffect = 0
p.LooksWings = 0
[DEBU] server 2020/05/22 13:58:19 ############################ 打印::ServerMessage{}.UserInformation(p) ############################ {"ObjectID":1,"RealID":1,"Name":"fanfan","GuildName":"","GuildRank":"","NameColor":-1,"Class":0,"Gender":0,"Level":1,"Location":{"X":283,"Y":619},"Direction":0,"Hair":1,"HP":3,"MP":14,"Experience":75,"MaxExperience":100,"LevelEffect":0,"Inventory":[null,null,null,null,null,null,null,null,null,null,null,null,null,null,null,null,null,null,null,null,null,null,null,null,null,null,null,null,null,null,null,null,null,null,null,null,null,null,null,null,null,null,null,null,null,null],"Equipment":[{"ID":133804,"ItemID":221,"CurrentDura":100,"DuraChanged":false,"MaxDura":100,"Count":1,"AC":0,"MAC":0,"DC":2,"MC":0,"SC":0,"Accuracy":0,"Agility":0,"HP":0,"MP":0,"AttackSpeed":0,"Luck":0,"SoulBoundId":1,"Bools":0,"Strong":0,"MagicResist":0,"PoisonResist":0,"HealthRecovery":0,"ManaRecovery":0,"PoisonRecovery":0,"CriticalRate":0,"CriticalDamage":0,"Freezing":0,"PoisonAttack":0,"Info":{"ID":221,"Name":"木剑","Type":1,"Grade":1,"RequiredType":0,"RequiredClass":7,"RequiredGender":3,"ItemSet":0,"Shape":0,"Weight":4,"Light":0,"RequiredAmount":1,"Image":30,"Durability":4000,"StackSize":1,"Price":50,"MinAC":0,"MaxAC":0,"MinMAC":0,"MaxMAC":0,"MinDC":2,"MaxDC":4,"MinMC":0,"MaxMC":0,"MinSC":0,"MaxSC":0,"HP":0,"MP":0,"Accuracy":0,"Agility":0,"Luck":0,"AttackSpeed":0,"StartItem":true,"BagWeight":0,"HandWeight":0,"WearWeight":0,"Effect":0,"Strong":0,"MagicResist":0,"PoisonResist":0,"HealthRecovery":0,"SpellRecovery":0,"PoisonRecovery":0,"HpRate":0,"MpRate":0,"CriticalRate":0,"CriticalDamage":0,"Bools":0,"MaxAcRate":0,"MaxMacRate":0,"Holy":0,"Freezing":0,"PoisonAttack":0,"Bind":0,"Reflect":0,"HpDrainRate":0,"UniqueItem":0,"RandomStatsId":1,"CanFastRun":false,"CanAwakening":true,"IsToolTip":false,"ToolTip":"","ClassBased":false,"LevelBased":false}},null,null,null,null,null,null,null,null,null,null,null,null,null],"QuestInventory":[null,null,null,null,null,null,null,null,null,null,null,null,null,null,null,null,null,null,null,null,null,null,null,null,null,null,null,null,null,null,null,null,null,null,null,null,null,null,null,null],"Gold":209,"Credit":100,"HasExpandedStorage":false,"ExpandedStorageExpiryTime":0,"ClientMagics":[]} %!s(<nil>)
[DEBU] proc.mirtcp.util 2020/05/22 13:58:19 ---> 服务端发送 (server.SET_CONCENTRATION) 10字节: [10,0,184,0,1,0,0,0,0,0]
[DEBU] proc.mirtcp.util 2020/05/22 13:58:19 ---> 服务端发送 (server.START_GAME) 9字节: [9,0,14,0,4,0,4,0,0]
[DEBU] proc.mirtcp.util 2020/05/22 13:58:19 ---> 服务端发送 (server.CHAT) 93字节: [93,0,25,0,87,91,230,172,162,232,191,142,232,191,155,229,133,165,230,184,184,230,136,143,239,188,140,229,166,130,230,156,137,228,187,187,228,189,149,229,187,186,232,174,174,227,128,129,231,150,145,233,151,174,230,172,162,232,191,142,228,186,164,230,181,129,227,128,130,232,129,148,231,179,187,81,81,231,190,164,239,188,154,51,50,51,48,57,52,55,52,93,3]
[DEBU] proc.mirtcp.util 2020/05/22 13:58:19 ---> 服务端发送 (server.NEW_ITEM_INFO) 88字节: [88,0,27,0,221,0,0,0,6,230,156,168,229,137,145,1,1,0,7,3,0,0,0,4,0,1,30,0,160,15,1,0,0,0,50,0,0,0,0,0,0,0,2,4,0,0,0,0,0,0,0,0,0,0,0,0,1,0,0,0,0,0,0,0,0,0,0,0,0,0,0,0,0,0,0,0,0,0,0,0,0,0,0,1,0,1,0,0]
[DEBU] proc.mirtcp.util 2020/05/22 13:58:19 ---> 服务端发送 (server.MAP_INFORMATION) 25字节: [25,0,17,0,1,48,9,230,175,148,229,165,135,231,156,129,101,0,135,0,0,1,0,0,0]
[DEBU] proc.mirtcp.util 2020/05/22 13:58:19 ---> 服务端发送 (server.USER_INFORMATION) 242字节: [242,0,18,0,1,0,0,0,1,0,0,0,6,102,97,110,102,97,110,0,0,255,255,255,255,0,0,1,0,27,1,0,0,107,2,0,0,0,1,3,0,14,0,75,0,0,0,0,0,0,0,100,0,0,0,0,0,0,0,0,1,46,0,0,0,0,0,0,0,0,0,0,0,0,0,0,0,0,0,0,0,0,0,0,0,0,0,0,0,0,0,0,0,0,0,0,0,0,0,0,0,0,0,0,0,0,0,0,0,0,0,1,14,0,0,0,1,172,10,2,0,0,0,0,0,221,0,0,0,100,0,100,0,1,0,0,0,0,0,2,0,0,0,0,0,0,0,0,1,0,0,0,0,0,0,0,0,0,0,0,0,0,0,0,0,0,0,0,0,0,0,0,0,0,0,0,1,40,0,0,0,0,0,0,0,0,0,0,0,0,0,0,0,0,0,0,0,0,0,0,0,0,0,0,0,0,0,0,0,0,0,0,0,0,0,0,0,0,0,0,0,209,0,0,0,100,0,0,0,0,0,0,0,0,0,0,0,0,0,0,0,0]
[DEBU] proc.mirtcp.util 2020/05/22 13:58:19 ---> 服务端发送 (server.TIME_OF_DAY) 5字节: [5,0,49,0,3]
[DEBU] proc.mirtcp.util 2020/05/22 13:58:19 ---> 服务端发送 (server.CHANGE_A_MODE) 5字节: [5,0,50,0,5]
[DEBU] proc.mirtcp.util 2020/05/22 13:58:19 ---> 服务端发送 (server.CHANGE_P_MODE) 5字节: [5,0,51,0,0]
[DEBU] proc.mirtcp.util 2020/05/22 13:58:19 ---> 服务端发送 (server.SWITCH_GROUP) 5字节: [5,0,113,0,0]
[DEBU] proc.mirtcp.util 2020/05/22 13:58:19 ---> 服务端发送 (server.OBJECT_MONSTER) 46字节: [46,0,59,0,37,117,8,0,3,233,185,191,255,255,255,255,30,1,0,0,107,2,0,0,4,0,0,0,2,0,0,0,0,0,0,0,0,0,0,0,0,0,0,0,0,0]
[DEBU] proc.mirtcp.util 2020/05/22 13:58:19 ---> 服务端发送 (server.OBJECT_MONSTER) 52字节: [52,0,59,0,83,117,8,0,9,231,168,187,232,141,137,228,186,186,255,255,255,255,23,1,0,0,103,2,0,0,5,0,0,0,0,0,0,0,0,0,0,0,0,0,0,0,0,0,0,0,0,0]
[DEBU] proc.mirtcp.util 2020/05/22 13:58:19 ---> 服务端发送 (server.OBJECT_NPC) 48字节: [48,0,77,0,85,110,8,0,16,232,190,185,229,162,131,230,157,145,95,229,145,138,231,164,186,0,255,0,255,45,0,0,0,0,0,28,1,0,0,103,2,0,0,1,0,0,0,0]
[DEBU] proc.mirtcp.util 2020/05/22 13:58:19 ---> 服务端发送 (server.OBJECT_NPC) 51字节: [51,0,77,0,84,110,8,0,19,228,188,160,233,128,129,229,145,152,95,231,171,160,230,165,154,232,144,147,0,255,0,255,15,0,0,0,0,0,31,1,0,0,103,2,0,0,1,0,0,0,0]
[DEBU] proc.mirtcp.util 2020/05/22 13:58:19 ---> 服务端发送 (server.OBJECT_MONSTER) 52字节: [52,0,59,0,89,117,8,0,9,231,168,187,232,141,137,228,186,186,255,255,255,255,31,1,0,0,104,2,0,0,5,0,0,0,0,0,0,0,0,0,0,0,0,0,0,0,0,0,0,0,0,0]
[DEBU] proc.mirtcp.util 2020/05/22 13:58:19 ---> 服务端发送 (server.OBJECT_MONSTER) 46字节: [46,0,59,0,9,117,8,0,3,233,185,191,255,255,255,255,33,1,0,0,112,2,0,0,4,0,0,0,2,0,0,0,0,0,0,0,0,0,0,0,0,0,0,0,0,0]
[DEBU] proc.mirtcp.util 2020/05/22 13:58:19 ---> 服务端发送 (server.OBJECT_NPC) 48字节: [48,0,77,0,118,110,8,0,16,229,149,134,228,186,186,95,232,183,175,230,178,187,233,156,158,0,255,0,255,1,0,0,0,0,0,35,1,0,0,98,2,0,0,0,0,0,0,0]
[DEBU] proc.mirtcp.util 2020/05/22 13:58:19 ---> 服务端发送 (server.OBJECT_NPC) 52字节: [52,0,77,0,87,110,8,0,20,67,114,97,102,116,115,76,97,100,121,95,232,174,184,229,143,175,230,133,167,0,255,0,255,7,0,0,0,0,0,38,1,0,0,107,2,0,0,1,0,0,0,0]
[DEBU] proc.mirtcp.util 2020/05/22 13:58:19 ---> 服务端发送 (server.OBJECT_MONSTER) 46字节: [46,0,59,0,103,117,8,0,3,233,185,191,255,255,255,255,39,1,0,0,115,2,0,0,4,0,0,0,2,0,0,0,0,0,0,0,0,0,0,0,0,0,0,0,0,0]
[DEBU] proc.mirtcp.util 2020/05/22 13:58:19 ---> 服务端发送 (server.OBJECT_NPC) 45字节: [45,0,77,0,86,110,8,0,13,229,138,169,231,144,134,95,230,156,177,233,163,142,0,255,0,255,5,0,0,0,0,0,28,1,0,0,94,2,0,0,1,0,0,0,0]
[DEBU] proc.mirtcp.util 2020/05/22 13:58:19 ---> 服务端发送 (server.OBJECT_NPC) 54字节: [54,0,77,0,212,110,8,0,22,230,181,129,230,181,170,229,149,134,228,186,186,95,228,184,135,228,191,159,231,148,178,0,255,0,255,94,0,0,0,0,0,31,1,0,0,94,2,0,0,0,0,0,0,0]
[DEBU] proc.mirtcp.util 2020/05/22 13:58:19 ---> 服务端发送 (server.OBJECT_MONSTER) 46字节: [46,0,59,0,46,117,8,0,3,233,185,191,255,255,255,255,40,1,0,0,96,2,0,0,4,0,0,0,2,0,0,0,0,0,0,0,0,0,0,0,0,0,0,0,0,0]
[DEBU] proc.mirtcp.util 2020/05/22 13:58:19 ---> 服务端发送 (server.OBJECT_NPC) 54字节: [54,0,77,0,211,110,8,0,22,67,114,97,102,116,105,110,103,86,105,108,108,97,103,101,95,229,133,165,229,143,163,0,255,0,255,0,0,0,0,0,0,40,1,0,0,107,2,0,0,1,0,0,0,0]
[DEBU] proc.mirtcp.util 2020/05/22 13:58:19 ---> 服务端发送 (server.OBJECT_MONSTER) 55字节: [55,0,59,0,130,119,8,0,12,229,188,147,231,174,173,229,174,136,229,141,171,255,255,255,255,40,1,0,0,111,2,0,0,139,0,3,0,57,20,0,0,0,0,0,0,0,0,0,0,0,0,0,0,0,0]
[DEBU] proc.mirtcp.util 2020/05/22 13:58:19 ---> 服务端发送 (server.OBJECT_MONSTER) 46字节: [46,0,59,0,104,117,8,0,3,233,185,191,255,255,255,255,14,1,0,0,115,2,0,0,4,0,0,0,2,0,0,0,0,0,0,0,0,0,0,0,0,0,0,0,0,0]
[DEBU] proc.mirtcp.util 2020/05/22 13:58:19 ---> 服务端发送 (server.OBJECT_MONSTER) 52字节: [52,0,59,0,85,117,8,0,9,231,168,187,232,141,137,228,186,186,255,255,255,255,34,1,0,0,120,2,0,0,5,0,0,0,0,0,0,0,0,0,0,0,0,0,0,0,0,0,0,0,0,0]
[DEBU] proc.mirtcp.util 2020/05/22 13:58:19 ---> 服务端发送 (server.OBJECT_NPC) 48字节: [48,0,77,0,88,110,8,0,16,229,149,134,228,186,186,95,231,165,129,229,130,178,233,152,179,0,255,0,255,0,0,0,0,0,0,41,1,0,0,100,2,0,0,0,0,0,0,0]
[DEBU] proc.mirtcp.util 2020/05/22 13:58:19 ---> 服务端发送 (server.OBJECT_MONSTER) 46字节: [46,0,59,0,178,116,8,0,3,231,190,138,255,255,255,255,32,1,0,0,92,2,0,0,103,0,0,0,2,0,0,0,0,0,0,0,0,0,0,0,0,0,0,0,0,0]
[DEBU] proc.mirtcp.util 2020/05/22 13:58:19 ---> 服务端发送 (server.OBJECT_MONSTER) 49字节: [49,0,59,0,144,119,8,0,6,229,141,171,229,163,171,255,255,255,255,19,1,0,0,91,2,0,0,0,0,7,0,6,20,0,0,0,0,0,0,0,0,0,0,0,0,0,0,0,0]
[DEBU] proc.mirtcp.util 2020/05/22 13:58:19 ---> 服务端发送 (server.OBJECT_NPC) 48字节: [48,0,77,0,108,110,8,0,16,229,149,134,228,186,186,95,230,155,185,230,176,184,233,166,153,0,255,0,255,11,0,0,0,0,0,37,1,0,0,91,2,0,0,1,0,0,0,0]
[DEBU] proc.mirtcp.util 2020/05/22 13:58:19 ---> 服务端发送 (server.OBJECT_MONSTER) 52字节: [52,0,59,0,88,117,8,0,9,231,168,187,232,141,137,228,186,186,255,255,255,255,10,1,0,0,101,2,0,0,5,0,0,0,0,0,0,0,0,0,0,0,0,0,0,0,0,0,0,0,0,0]
[DEBU] proc.mirtcp.util 2020/05/22 13:58:19 ---> 服务端发送 (server.OBJECT_MONSTER) 52字节: [52,0,59,0,73,117,8,0,9,231,168,187,232,141,137,228,186,186,255,255,255,255,42,1,0,0,125,2,0,0,5,0,0,0,0,0,0,0,0,0,0,0,0,0,0,0,0,0,0,0,0,0]
[DEBU] proc.mirtcp.util 2020/05/22 13:58:19 ---> 服务端发送 (server.OBJECT_MONSTER) 49字节: [49,0,59,0,145,119,8,0,6,229,141,171,229,163,171,255,255,255,255,24,1,0,0,88,2,0,0,0,0,7,0,6,20,0,0,0,0,0,0,0,0,0,0,0,0,0,0,0,0]
[DEBU] proc.mirtcp.util 2020/05/22 13:58:19 ---> 服务端发送 (server.OBJECT_MONSTER) 46字节: [46,0,59,0,10,117,8,0,3,233,185,191,255,255,255,255,8,1,0,0,95,2,0,0,4,0,0,0,2,0,0,0,0,0,0,0,0,0,0,0,0,0,0,0,0,0]
[DEBU] proc.mirtcp.util 2020/05/22 13:58:19 ---> 服务端发送 (server.OBJECT_MONSTER) 46字节: [46,0,59,0,116,117,8,0,3,233,185,191,255,255,255,255,46,1,0,0,113,2,0,0,4,0,0,0,2,0,0,0,0,0,0,0,0,0,0,0,0,0,0,0,0,0]
[DEBU] proc.mirtcp.util 2020/05/22 13:58:19 ---> 服务端发送 (server.OBJECT_MONSTER) 52字节: [52,0,59,0,51,117,8,0,9,231,168,187,232,141,137,228,186,186,255,255,255,255,9,1,0,0,87,2,0,0,5,0,0,0,0,0,0,0,0,0,0,0,0,0,0,0,0,0,0,0,0,0]
[DEBU] proc.mirtcp.util 2020/05/22 13:58:19 ---> 服务端发送 (server.OBJECT_MONSTER) 52字节: [52,0,59,0,82,117,8,0,9,231,168,187,232,141,137,228,186,186,255,255,255,255,11,1,0,0,87,2,0,0,5,0,0,0,0,0,0,0,0,0,0,0,0,0,0,0,0,0,0,0,0,0]
[DEBU] proc.mirtcp.util 2020/05/22 13:58:19 ---> 服务端发送 (server.OBJECT_MONSTER) 46字节: [46,0,59,0,23,117,8,0,3,233,185,191,255,255,255,255,47,1,0,0,88,2,0,0,4,0,0,0,2,0,0,0,0,0,0,0,0,0,0,0,0,0,0,0,0,0]
[DEBU] proc.mirtcp.util 2020/05/22 13:58:19 ---> 服务端发送 (server.OBJECT_MONSTER) 52字节: [52,0,59,0,80,117,8,0,9,231,168,187,232,141,137,228,186,186,255,255,255,255,7,1,0,0,123,2,0,0,5,0,0,0,0,0,0,0,0,0,0,0,0,0,0,0,0,0,0,0,0,0]
[DEBU] proc.mirtcp.util 2020/05/22 13:58:19 ---> 服务端发送 (server.NPC_RESPONSE) 8字节: [8,0,78,0,0,0,0,0]
[DEBU] proc.mirtcp.util 2020/05/22 13:58:19 ---> 服务端发送 (server.OBJECT_TURN) 17字节: [17,0,22,0,84,110,8,0,31,1,0,0,103,2,0,0,1]
[DEBU] proc.mirtcp.util 2020/05/22 13:58:19 ---> 服务端发送 (server.OBJECT_TURN) 17字节: [17,0,22,0,212,110,8,0,31,1,0,0,94,2,0,0,1]
[DEBU] proc.mirtcp.util 2020/05/22 13:58:19 ---> 服务端发送 (server.OBJECT_TURN) 17字节: [17,0,22,0,85,110,8,0,28,1,0,0,103,2,0,0,0]
[DEBU] proc.mirtcp.util 2020/05/22 13:58:19 ---> 服务端发送 (server.OBJECT_TURN) 17字节: [17,0,22,0,88,110,8,0,41,1,0,0,100,2,0,0,0]
[DEBU] proc.mirtcp.util 2020/05/22 13:58:19 ---> 服务端发送 (server.OBJECT_TURN) 17字节: [17,0,22,0,108,110,8,0,37,1,0,0,91,2,0,0,0]
[DEBU] proc.mirtcp.util 2020/05/22 13:58:19 ---> 服务端发送 (server.OBJECT_TURN) 17字节: [17,0,22,0,87,110,8,0,38,1,0,0,107,2,0,0,0]
[DEBU] proc.mirtcp.util 2020/05/22 13:58:19 ---> 服务端发送 (server.OBJECT_TURN) 17字节: [17,0,22,0,118,110,8,0,35,1,0,0,98,2,0,0,1]
[DEBU] proc.mirtcp.util 2020/05/22 13:58:19 ---> 服务端发送 (server.OBJECT_TURN) 17字节: [17,0,22,0,86,110,8,0,28,1,0,0,94,2,0,0,0]
[DEBU] proc.mirtcp.util 2020/05/22 13:58:19 ---> 服务端发送 (server.OBJECT_TURN) 17字节: [17,0,22,0,211,110,8,0,40,1,0,0,107,2,0,0,1]
[DEBU] server 2020/05/22 13:58:19 attacker damage: 256,monster armour: 0
[DEBU] server 2020/05/22 13:58:19 monster HP: 0,MaxHP: 25,percent: 0
[DEBU] proc.mirtcp.util 2020/05/22 13:58:19 ---> 服务端发送 (server.OBJECT_ATTACK) 20字节: [20,0,60,0,145,119,8,0,19,1,0,0,81,2,0,0,4,0,0,0]
[DEBU] proc.mirtcp.util 2020/05/22 13:58:19 ---> 服务端发送 (server.OBJECT_TURN) 17字节: [17,0,22,0,145,119,8,0,24,1,0,0,88,2,0,0,7]
[DEBU] proc.mirtcp.util 2020/05/22 13:58:20 ---> 服务端发送 (server.OBJECT_WALK) 17字节: [17,0,23,0,89,117,8,0,30,1,0,0,105,2,0,0,5]
[DEBU] proc.mirtcp.util 2020/05/22 13:58:20 ---> 服务端发送 (server.OBJECT_WALK) 17字节: [17,0,23,0,83,117,8,0,24,1,0,0,104,2,0,0,3]
[DEBU] proc.mirtcp.util 2020/05/22 13:58:21 ---> 服务端发送 (server.OBJECT_WALK) 17字节: [17,0,23,0,83,117,8,0,25,1,0,0,105,2,0,0,3]
[DEBU] proc.mirtcp.util 2020/05/22 13:58:21 ---> 服务端发送 (server.OBJECT_TURN) 17字节: [17,0,22,0,10,117,8,0,8,1,0,0,95,2,0,0,3]
[DEBU] proc.mirtcp.util 2020/05/22 13:58:21 ---> 服务端发送 (server.OBJECT_WALK) 17字节: [17,0,23,0,9,117,8,0,33,1,0,0,111,2,0,0,0]
[DEBU] proc.mirtcp.util 2020/05/22 13:58:21 ---> 服务端发送 (server.OBJECT_WALK) 17字节: [17,0,23,0,37,117,8,0,30,1,0,0,106,2,0,0,0]
[DEBU] proc.mirtcp.util 2020/05/22 13:58:21 ---> 服务端发送 (server.OBJECT_WALK) 17字节: [17,0,23,0,89,117,8,0,29,1,0,0,106,2,0,0,5]
[DEBU] proc.mirtcp.util 2020/05/22 13:58:21 ---> 服务端发送 (server.OBJECT_WALK) 17字节: [17,0,23,0,88,117,8,0,10,1,0,0,100,2,0,0,0]
[DEBU] proc.mirtcp.util 2020/05/22 13:58:22 ---> 服务端发送 (server.OBJECT_REMOVE) 8字节: [8,0,21,0,82,117,8,0]
[DEBU] proc.mirtcp.util 2020/05/22 13:58:22 ---> 服务端发送 (server.OBJECT_WALK) 17字节: [17,0,23,0,83,117,8,0,26,1,0,0,106,2,0,0,3]
[DEBU] proc.mirtcp.util 2020/05/22 13:58:22 ---> 服务端发送 (server.OBJECT_WALK) 17字节: [17,0,23,0,10,117,8,0,9,1,0,0,96,2,0,0,3]
[DEBU] proc.mirtcp.util 2020/05/22 13:58:22 ---> 服务端发送 (server.OBJECT_WALK) 17字节: [17,0,23,0,103,117,8,0,39,1,0,0,114,2,0,0,0]
[DEBU] proc.mirtcp.util 2020/05/22 13:58:22 ---> 服务端发送 (server.OBJECT_TURN) 17字节: [17,0,22,0,73,117,8,0,42,1,0,0,125,2,0,0,2]
[DEBU] proc.mirtcp.util 2020/05/22 13:58:22 ---> 服务端发送 (server.OBJECT_WALK) 17字节: [17,0,23,0,89,117,8,0,28,1,0,0,107,2,0,0,5]
[DEBU] proc.mirtcp.util 2020/05/22 13:58:22 ---> 服务端发送 (server.OBJECT_WALK) 17字节: [17,0,23,0,80,117,8,0,7,1,0,0,122,2,0,0,0]
[DEBU] proc.mirtcp.util 2020/05/22 13:58:22 ---> 服务端发送 (server.CONNECTED) 4字节: [4,0,0,0]
[DEBU] proc.mirtcp.util 2020/05/22 13:58:22 <--- 服务端收到 (client.CLIENT_VERSION) 24字节: [24,0,0,0,16,0,0,0,170,124,11,209,41,241,81,142,137,41,214,160,138,169,152,239]
[DEBU] proc.mirtcp.util 2020/05/22 13:58:22 ---> 服务端发送 (server.CLIENT_VERSION) 5字节: [5,0,1,0,1]
[DEBU] proc.mirtcp.util 2020/05/22 13:58:22 <--- 服务端收到 (client.LOGIN) 16字节: [16,0,5,0,5,97,100,109,105,110,5,97,100,109,105,110]
[DEBU] proc.mirtcp.util 2020/05/22 13:58:22 ---> 服务端发送 (server.LOGIN_SUCCESS) 56字节: [56,0,9,0,2,0,0,0,4,0,0,0,8,97,115,100,115,97,100,115,97,1,0,0,0,0,0,0,0,0,0,0,0,6,0,0,0,6,102,115,97,102,115,97,1,0,0,0,0,0,0,0,0,0,0,0]
[DEBU] proc.mirtcp.util 2020/05/22 13:58:22 <--- 服务端收到 (client.START_GAME) 6字节: [6,0,8,0,3,0]
[DEBU] server 2020/05/22 13:58:22 ############################ 打印::p.Level ############################ %!s(uint16=1)
[DEBU] server 2020/05/22 13:58:22 player login,AccountID(2) Name(asdas)
[DEBU] server 2020/05/22 13:58:22 ############################ 打印::p.Map ############################ Map(1,Filename: 0,Title: 比奇省,Width: 700,Height: 700) %!s(MISSING)
---------------打印 p.Level %!s(uint16=1)
---------------打印 baseStats.HpGain %!s(float32=4)
---------------打印 baseStats.HpGainRate %!s(float32=4.5)
---------------打印 %!s(uint16=18)
[DEBU] server 2020/05/22 13:58:22 p.Name: asdas
p.LooksArmour = 0
p.LooksWeapon = -1
p.LooksWeaponEffect = 0
p.LooksWings = 0
[DEBU] server 2020/05/22 13:58:22 ############################ 打印::ServerMessage{}.UserInformation(p) ############################ {"ObjectID":3,"RealID":3,"Name":"asdas","GuildName":"","GuildRank":"","NameColor":-1,"Class":0,"Gender":0,"Level":1,"Location":{"X":288,"Y":616},"Direction":4,"Hair":1,"HP":15,"MP":17,"Experience":0,"MaxExperience":100,"LevelEffect":0,"Inventory":[null,null,null,null,null,null,null,null,null,null,null,null,null,null,null,null,null,null,null,null,null,null,null,null,null,null,null,null,null,null,null,null,null,null,null,null,null,null,null,null,null,null,null,null,null,null],"Equipment":[null,null,null,null,null,null,null,null,null,null,null,null,null,null],"QuestInventory":[null,null,null,null,null,null,null,null,null,null,null,null,null,null,null,null,null,null,null,null,null,null,null,null,null,null,null,null,null,null,null,null,null,null,null,null,null,null,null,null],"Gold":0,"Credit":100,"HasExpandedStorage":false,"ExpandedStorageExpiryTime":0,"ClientMagics":[]} %!s(<nil>)
[DEBU] proc.mirtcp.util 2020/05/22 13:58:22 ---> 服务端发送 (server.SET_OBJECT_CONCENTRATION) 10字节: [10,0,185,0,2,0,0,0,0,0]
[DEBU] proc.mirtcp.util 2020/05/22 13:58:22 ---> 服务端发送 (server.PLAYER_UPDATE) 16字节: [16,0,45,0,3,0,0,0,0,255,255,0,0,0,0,0]
[DEBU] codec.mircodec 2020/05/22 13:58:22 发送玩家信息 ObjectPlayer Name: asdas(3),Location: 288,616,Class: 0,Gender: 0,Location: 288,616,Direction: 4,Hair: 1,Light: 0,Weapon: -1,WeaponEffect: 0,Armour: 0
[DEBU] proc.mirtcp.util 2020/05/22 13:58:22 ---> 服务端发送 (server.OBJECT_PLAYER) 71字节: [71,0,20,0,3,0,0,0,5,97,115,100,97,115,0,0,255,255,255,255,0,0,1,0,32,1,0,0,104,2,0,0,4,1,0,255,255,0,0,0,0,0,0,0,0,0,0,0,255,255,0,0,255,255,0,0,0,0,0,0,0,0,200,0,0,0,0,0,0,0,0]
[DEBU] proc.mirtcp.util 2020/05/22 13:58:22 ---> 服务端发送 (server.SET_CONCENTRATION) 10字节: [10,0,184,0,2,0,0,0,0,0]
[DEBU] proc.mirtcp.util 2020/05/22 13:58:22 ---> 服务端发送 (server.START_GAME) 9字节: [9,0,14,0,4,0,4,0,0]
[DEBU] proc.mirtcp.util 2020/05/22 13:58:22 ---> 服务端发送 (server.CHAT) 93字节: [93,0,25,0,87,91,230,172,162,232,191,142,232,191,155,229,133,165,230,184,184,230,136,143,239,188,140,229,166,130,230,156,137,228,187,187,228,189,149,229,187,186,232,174,174,227,128,129,231,150,145,233,151,174,230,172,162,232,191,142,228,186,164,230,181,129,227,128,130,232,129,148,231,179,187,81,81,231,190,164,239,188,154,51,50,51,48,57,52,55,52,93,3]
[DEBU] proc.mirtcp.util 2020/05/22 13:58:22 ---> 服务端发送 (server.SET_CONCENTRATION) 10字节: [10,0,184,0,2,0,0,0,0,0]
[DEBU] proc.mirtcp.util 2020/05/22 13:58:22 ---> 服务端发送 (server.MAP_INFORMATION) 25字节: [25,0,17,0,1,48,9,230,175,148,229,165,135,231,156,129,101,0,135,0,0,1,0,0,0]
[DEBU] proc.mirtcp.util 2020/05/22 13:58:22 ---> 服务端发送 (server.USER_INFORMATION) 195字节: [195,0,18,0,3,0,0,0,3,0,0,0,5,97,115,100,97,115,0,0,255,255,255,255,0,0,1,0,32,1,0,0,104,2,0,0,4,1,15,0,17,0,0,0,0,0,0,0,0,0,100,0,0,0,0,0,0,0,0,1,46,0,0,0,0,0,0,0,0,0,0,0,0,0,0,0,0,0,0,0,0,0,0,0,0,0,0,0,0,0,0,0,0,0,0,0,0,0,0,0,0,0,0,0,0,0,0,0,0,0,1,14,0,0,0,0,0,0,0,0,0,0,0,0,0,0,0,0,0,1,40,0,0,0,0,0,0,0,0,0,0,0,0,0,0,0,0,0,0,0,0,0,0,0,0,0,0,0,0,0,0,0,0,0,0,0,0,0,0,0,0,0,0,0,0,0,0,0,100,0,0,0,0,0,0,0,0,0,0,0,0,0,0,0,0]
[DEBU] proc.mirtcp.util 2020/05/22 13:58:22 ---> 服务端发送 (server.TIME_OF_DAY) 5字节: [5,0,49,0,3]
[DEBU] proc.mirtcp.util 2020/05/22 13:58:22 ---> 服务端发送 (server.CHANGE_A_MODE) 5字节: [5,0,50,0,5]
[DEBU] proc.mirtcp.util 2020/05/22 13:58:22 ---> 服务端发送 (server.CHANGE_P_MODE) 5字节: [5,0,51,0,0]
[DEBU] proc.mirtcp.util 2020/05/22 13:58:22 ---> 服务端发送 (server.SWITCH_GROUP) 5字节: [5,0,113,0,0]
[DEBU] proc.mirtcp.util 2020/05/22 13:58:22 ---> 服务端发送 (server.OBJECT_NPC) 51字节: [51,0,77,0,84,110,8,0,19,228,188,160,233,128,129,229,145,152,95,231,171,160,230,165,154,232,144,147,0,255,0,255,15,0,0,0,0,0,31,1,0,0,103,2,0,0,1,0,0,0,0]
[DEBU] proc.mirtcp.util 2020/05/22 13:58:22 ---> 服务端发送 (server.OBJECT_MONSTER) 46字节: [46,0,59,0,37,117,8,0,3,233,185,191,255,255,255,255,30,1,0,0,106,2,0,0,4,0,0,0,2,0,0,0,0,0,0,0,0,0,0,0,0,0,0,0,0,0]
[DEBU] proc.mirtcp.util 2020/05/22 13:58:22 ---> 服务端发送 (server.OBJECT_NPC) 48字节: [48,0,77,0,85,110,8,0,16,232,190,185,229,162,131,230,157,145,95,229,145,138,231,164,186,0,255,0,255,45,0,0,0,0,0,28,1,0,0,103,2,0,0,0,0,0,0,0]
[DEBU] proc.mirtcp.util 2020/05/22 13:58:22 ---> 服务端发送 (server.OBJECT_MONSTER) 52字节: [52,0,59,0,89,117,8,0,9,231,168,187,232,141,137,228,186,186,255,255,255,255,28,1,0,0,107,2,0,0,5,0,5,0,0,0,0,0,0,0,0,0,0,0,0,0,0,0,0,0,0,0]
[DEBU] codec.mircodec 2020/05/22 13:58:22 发送玩家信息 ObjectPlayer Name: fanfan(1),Location: 283,619,Class: 0,Gender: 0,Location: 283,619,Direction: 0,Hair: 1,Light: 0,Weapon: 0,WeaponEffect: 0,Armour: 0
[DEBU] proc.mirtcp.util 2020/05/22 13:58:22 ---> 服务端发送 (server.OBJECT_PLAYER) 72字节: [72,0,20,0,1,0,0,0,6,102,97,110,102,97,110,0,0,255,255,255,255,0,0,1,0,27,1,0,0,107,2,0,0,0,1,0,0,0,0,0,0,0,0,0,0,0,0,0,0,255,255,0,0,255,255,0,0,0,0,0,0,0,0,200,0,0,0,0,0,0,0,0]
[DEBU] proc.mirtcp.util 2020/05/22 13:58:22 ---> 服务端发送 (server.OBJECT_NPC) 48字节: [48,0,77,0,118,110,8,0,16,229,149,134,228,186,186,95,232,183,175,230,178,187,233,156,158,0,255,0,255,1,0,0,0,0,0,35,1,0,0,98,2,0,0,1,0,0,0,0]
[DEBU] proc.mirtcp.util 2020/05/22 13:58:22 ---> 服务端发送 (server.OBJECT_MONSTER) 52字节: [52,0,59,0,83,117,8,0,9,231,168,187,232,141,137,228,186,186,255,255,255,255,26,1,0,0,106,2,0,0,5,0,3,0,0,0,0,0,0,0,0,0,0,0,0,0,0,0,0,0,0,0]
[DEBU] proc.mirtcp.util 2020/05/22 13:58:22 ---> 服务端发送 (server.OBJECT_NPC) 52字节: [52,0,77,0,87,110,8,0,20,67,114,97,102,116,115,76,97,100,121,95,232,174,184,229,143,175,230,133,167,0,255,0,255,7,0,0,0,0,0,38,1,0,0,107,2,0,0,0,0,0,0,0]
[DEBU] proc.mirtcp.util 2020/05/22 13:58:22 ---> 服务端发送 (server.OBJECT_MONSTER) 46字节: [46,0,59,0,9,117,8,0,3,233,185,191,255,255,255,255,33,1,0,0,111,2,0,0,4,0,0,0,2,0,0,0,0,0,0,0,0,0,0,0,0,0,0,0,0,0]
[DEBU] proc.mirtcp.util 2020/05/22 13:58:22 ---> 服务端发送 (server.OBJECT_MONSTER) 46字节: [46,0,59,0,46,117,8,0,3,233,185,191,255,255,255,255,40,1,0,0,96,2,0,0,4,0,0,0,2,0,0,0,0,0,0,0,0,0,0,0,0,0,0,0,0,0]
[DEBU] proc.mirtcp.util 2020/05/22 13:58:22 ---> 服务端发送 (server.OBJECT_NPC) 54字节: [54,0,77,0,211,110,8,0,22,67,114,97,102,116,105,110,103,86,105,108,108,97,103,101,95,229,133,165,229,143,163,0,255,0,255,0,0,0,0,0,0,40,1,0,0,107,2,0,0,1,0,0,0,0]
[DEBU] proc.mirtcp.util 2020/05/22 13:58:22 ---> 服务端发送 (server.OBJECT_MONSTER) 55字节: [55,0,59,0,130,119,8,0,12,229,188,147,231,174,173,229,174,136,229,141,171,255,255,255,255,40,1,0,0,111,2,0,0,139,0,3,0,57,20,0,0,0,0,0,0,0,0,0,0,0,0,0,0,0,0]
[DEBU] proc.mirtcp.util 2020/05/22 13:58:22 ---> 服务端发送 (server.OBJECT_NPC) 48字节: [48,0,77,0,88,110,8,0,16,229,149,134,228,186,186,95,231,165,129,229,130,178,233,152,179,0,255,0,255,0,0,0,0,0,0,41,1,0,0,100,2,0,0,0,0,0,0,0]
[DEBU] proc.mirtcp.util 2020/05/22 13:58:22 ---> 服务端发送 (server.OBJECT_NPC) 45字节: [45,0,77,0,86,110,8,0,13,229,138,169,231,144,134,95,230,156,177,233,163,142,0,255,0,255,5,0,0,0,0,0,28,1,0,0,94,2,0,0,0,0,0,0,0]
[DEBU] proc.mirtcp.util 2020/05/22 13:58:22 ---> 服务端发送 (server.OBJECT_NPC) 54字节: [54,0,77,0,212,110,8,0,22,230,181,129,230,181,170,229,149,134,228,186,186,95,228,184,135,228,191,159,231,148,178,0,255,0,255,94,0,0,0,0,0,31,1,0,0,94,2,0,0,1,0,0,0,0]
[DEBU] proc.mirtcp.util 2020/05/22 13:58:22 ---> 服务端发送 (server.OBJECT_MONSTER) 46字节: [46,0,59,0,103,117,8,0,3,233,185,191,255,255,255,255,39,1,0,0,114,2,0,0,4,0,0,0,2,0,0,0,0,0,0,0,0,0,0,0,0,0,0,0,0,0]
[DEBU] proc.mirtcp.util 2020/05/22 13:58:22 ---> 服务端发送 (server.OBJECT_MONSTER) 46字节: [46,0,59,0,178,116,8,0,3,231,190,138,255,255,255,255,32,1,0,0,92,2,0,0,103,0,0,0,2,0,0,0,0,0,0,0,0,0,0,0,0,0,0,0,0,0]
[DEBU] proc.mirtcp.util 2020/05/22 13:58:22 ---> 服务端发送 (server.OBJECT_MONSTER) 49字节: [49,0,59,0,144,119,8,0,6,229,141,171,229,163,171,255,255,255,255,19,1,0,0,91,2,0,0,0,0,7,0,6,20,0,0,0,0,0,0,0,0,0,0,0,0,0,0,0,0]
[DEBU] proc.mirtcp.util 2020/05/22 13:58:22 ---> 服务端发送 (server.OBJECT_NPC) 48字节: [48,0,77,0,108,110,8,0,16,229,149,134,228,186,186,95,230,155,185,230,176,184,233,166,153,0,255,0,255,11,0,0,0,0,0,37,1,0,0,91,2,0,0,0,0,0,0,0]
[DEBU] proc.mirtcp.util 2020/05/22 13:58:22 ---> 服务端发送 (server.OBJECT_MONSTER) 46字节: [46,0,59,0,116,117,8,0,3,233,185,191,255,255,255,255,46,1,0,0,113,2,0,0,4,0,0,0,2,0,0,0,0,0,0,0,0,0,0,0,0,0,0,0,0,0]
[DEBU] proc.mirtcp.util 2020/05/22 13:58:22 ---> 服务端发送 (server.OBJECT_MONSTER) 49字节: [49,0,59,0,145,119,8,0,6,229,141,171,229,163,171,255,255,255,255,24,1,0,0,88,2,0,0,0,0,7,0,6,20,0,0,0,0,0,0,0,0,0,0,0,0,0,0,0,0]
[DEBU] proc.mirtcp.util 2020/05/22 13:58:22 ---> 服务端发送 (server.OBJECT_MONSTER) 46字节: [46,0,59,0,23,117,8,0,3,233,185,191,255,255,255,255,47,1,0,0,88,2,0,0,4,0,0,0,2,0,0,0,0,0,0,0,0,0,0,0,0,0,0,0,0,0]
[DEBU] proc.mirtcp.util 2020/05/22 13:58:22 ---> 服务端发送 (server.OBJECT_MONSTER) 46字节: [46,0,59,0,111,117,8,0,3,233,185,191,255,255,255,255,48,1,0,0,88,2,0,0,4,0,0,0,2,0,0,0,0,0,0,0,0,0,0,0,0,0,0,0,0,0]
[DEBU] proc.mirtcp.util 2020/05/22 13:58:22 ---> 服务端发送 (server.OBJECT_MONSTER) 52字节: [52,0,59,0,99,117,8,0,9,231,168,187,232,141,137,228,186,186,255,255,255,255,48,1,0,0,118,2,0,0,5,0,0,0,0,0,0,0,0,0,0,0,0,0,0,0,0,0,0,0,0,0]
[DEBU] proc.mirtcp.util 2020/05/22 13:58:22 ---> 服务端发送 (server.OBJECT_MONSTER) 52字节: [52,0,59,0,85,117,8,0,9,231,168,187,232,141,137,228,186,186,255,255,255,255,34,1,0,0,120,2,0,0,5,0,0,0,0,0,0,0,0,0,0,0,0,0,0,0,0,0,0,0,0,0]
[DEBU] proc.mirtcp.util 2020/05/22 13:58:22 ---> 服务端发送 (server.OBJECT_NPC) 48字节: [48,0,77,0,109,110,8,0,16,229,149,134,228,186,186,95,230,136,154,229,168,133,229,187,183,0,255,0,255,7,0,0,0,0,0,49,1,0,0,95,2,0,0,0,0,0,0,0]
[DEBU] proc.mirtcp.util 2020/05/22 13:58:22 ---> 服务端发送 (server.OBJECT_MONSTER) 46字节: [46,0,59,0,104,117,8,0,3,233,185,191,255,255,255,255,14,1,0,0,115,2,0,0,4,0,0,0,2,0,0,0,0,0,0,0,0,0,0,0,0,0,0,0,0,0]
[DEBU] proc.mirtcp.util 2020/05/22 13:58:22 ---> 服务端发送 (server.OBJECT_MONSTER) 52字节: [52,0,59,0,78,116,8,0,9,233,146,137,232,128,153,231,140,171,255,255,255,255,44,1,0,0,85,2,0,0,7,0,0,0,0,0,0,0,0,0,0,0,0,0,0,0,0,0,0,0,0,0]
[DEBU] proc.mirtcp.util 2020/05/22 13:58:22 ---> 服务端发送 (server.OBJECT_MONSTER) 52字节: [52,0,59,0,61,116,8,0,9,233,146,137,232,128,153,231,140,171,255,255,255,255,42,1,0,0,84,2,0,0,7,0,0,0,0,0,0,0,0,0,0,0,0,0,0,0,0,0,0,0,0,0]
[DEBU] proc.mirtcp.util 2020/05/22 13:58:22 ---> 服务端发送 (server.OBJECT_MONSTER) 46字节: [46,0,59,0,114,117,8,0,3,233,185,191,255,255,255,255,52,1,0,0,94,2,0,0,4,0,0,0,2,0,0,0,0,0,0,0,0,0,0,0,0,0,0,0,0,0]
[DEBU] proc.mirtcp.util 2020/05/22 13:58:22 ---> 服务端发送 (server.NPC_RESPONSE) 8字节: [8,0,78,0,0,0,0,0]
[DEBU] proc.mirtcp.util 2020/05/22 13:58:22 ---> 服务端发送 (server.OBJECT_TURN) 17字节: [17,0,22,0,109,110,8,0,49,1,0,0,95,2,0,0,0]
[DEBU] server 2020/05/22 13:58:23 Monster[稻草人]AI[0] Attack [fanfan]
[DEBU] server 2020/05/22 13:58:23 Player attacked DefenceTypeAgility
[DEBU] server 2020/05/22 13:58:23 p.Agility: 15,attacker.Accuracy: 5
[DEBU] server 2020/05/22 13:58:23 util.RandomNext(int(p.Agility)+1): 12
[DEBU] server 2020/05/22 13:58:23 Monster[稻草人]AI[0] Attack [fanfan]
[DEBU] server 2020/05/22 13:58:23 Player fanfan attacked,armour: 0,damage: 1. armour - damage: -1
[DEBU] server 2020/05/22 13:58:23 Player fanfan HP: 3,MP: 14,MaxHP: 18,MaxMP: 14
[DEBU] server 2020/05/22 13:58:23 Player fanfan ChangeHP: -1
[DEBU] server 2020/05/22 13:58:23 Player fanfan HP: 2,MP: 14,MaxHP: 18,MaxMP: 14
[DEBU] proc.mirtcp.util 2020/05/22 13:58:23 ---> 服务端发送 (server.OBJECT_ATTACK) 20字节: [20,0,60,0,83,117,8,0,26,1,0,0,106,2,0,0,3,0,0,0]
[DEBU] proc.mirtcp.util 2020/05/22 13:58:23 ---> 服务端发送 (server.DAMAGE_INDICATOR) 13字节: [13,0,63,0,0,0,0,0,1,1,0,0,0]
[DEBU] proc.mirtcp.util 2020/05/22 13:58:23 ---> 服务端发送 (server.OBJECT_WALK) 17字节: [17,0,23,0,37,117,8,0,30,1,0,0,105,2,0,0,0]
[DEBU] proc.mirtcp.util 2020/05/22 13:58:23 ---> 服务端发送 (server.OBJECT_ATTACK) 20字节: [20,0,60,0,89,117,8,0,28,1,0,0,107,2,0,0,6,0,0,0]
[DEBU] proc.mirtcp.util 2020/05/22 13:58:23 ---> 服务端发送 (server.OBJECT_STRUCK) 21字节: [21,0,62,0,1,0,0,0,89,117,8,0,27,1,0,0,107,2,0,0,0]
[DEBU] proc.mirtcp.util 2020/05/22 13:58:23 ---> 服务端发送 (server.DAMAGE_INDICATOR) 13字节: [13,0,63,0,255,255,255,255,0,1,0,0,0]
[DEBU] proc.mirtcp.util 2020/05/22 13:58:23 ---> 服务端发送 (server.OBJECT_HEALTH) 10字节: [10,0,121,0,1,0,0,0,11,5]
[DEBU] proc.mirtcp.util 2020/05/22 13:58:23 ---> 服务端发送 (server.OBJECT_ATTACK) 20字节: [20,0,60,0,83,117,8,0,26,1,0,0,106,2,0,0,3,0,0,0]
[DEBU] proc.mirtcp.util 2020/05/22 13:58:23 ---> 服务端发送 (server.DAMAGE_INDICATOR) 13字节: [13,0,63,0,0,0,0,0,1,1,0,0,0]
[DEBU] proc.mirtcp.util 2020/05/22 13:58:23 ---> 服务端发送 (server.OBJECT_WALK) 17字节: [17,0,23,0,73,117,8,0,43,1,0,0,125,2,0,0,2]
[DEBU] proc.mirtcp.util 2020/05/22 13:58:23 ---> 服务端发送 (server.OBJECT_WALK) 17字节: [17,0,23,0,37,117,8,0,30,1,0,0,105,2,0,0,0]
[DEBU] proc.mirtcp.util 2020/05/22 13:58:23 ---> 服务端发送 (server.OBJECT_ATTACK) 20字节: [20,0,60,0,89,117,8,0,28,1,0,0,107,2,0,0,6,0,0,0]
[DEBU] proc.mirtcp.util 2020/05/22 13:58:23 ---> 服务端发送 (server.STRUCK) 8字节: [8,0,61,0,89,117,8,0]
[DEBU] proc.mirtcp.util 2020/05/22 13:58:23 ---> 服务端发送 (server.DAMAGE_INDICATOR) 13字节: [13,0,63,0,255,255,255,255,0,1,0,0,0]
[DEBU] proc.mirtcp.util 2020/05/22 13:58:23 ---> 服务端发送 (server.HEALTH_CHANGED) 8字节: [8,0,65,0,2,0,14,0]
[DEBU] proc.mirtcp.util 2020/05/22 13:58:23 ---> 服务端发送 (server.OBJECT_REMOVE) 8字节: [8,0,21,0,51,117,8,0]
[DEBU] proc.mirtcp.util 2020/05/22 13:58:24 ---> 服务端发送 (server.OBJECT_WALK) 17字节: [17,0,23,0,9,117,8,0,33,1,0,0,110,2,0,0,0]
[DEBU] proc.mirtcp.util 2020/05/22 13:58:24 ---> 服务端发送 (server.OBJECT_WALK) 17字节: [17,0,23,0,23,117,8,0,47,1,0,0,87,2,0,0,0]
[DEBU] proc.mirtcp.util 2020/05/22 13:58:24 ---> 服务端发送 (server.OBJECT_TURN) 17字节: [17,0,22,0,85,117,8,0,34,1,0,0,120,2,0,0,6]
[DEBU] proc.mirtcp.util 2020/05/22 13:58:24 ---> 服务端发送 (server.OBJECT_WALK) 17字节: [17,0,23,0,104,117,8,0,14,1,0,0,114,2,0,0,0]
[DEBU] proc.mirtcp.util 2020/05/22 13:58:24 ---> 服务端发送 (server.OBJECT_TURN) 17字节: [17,0,22,0,10,117,8,0,9,1,0,0,96,2,0,0,5]
[DEBU] proc.mirtcp.util 2020/05/22 13:58:24 ---> 服务端发送 (server.OBJECT_WALK) 17字节: [17,0,23,0,9,117,8,0,33,1,0,0,110,2,0,0,0]
[DEBU] proc.mirtcp.util 2020/05/22 13:58:24 ---> 服务端发送 (server.OBJECT_WALK) 17字节: [17,0,23,0,23,117,8,0,47,1,0,0,87,2,0,0,0]
[DEBU] proc.mirtcp.util 2020/05/22 13:58:24 ---> 服务端发送 (server.OBJECT_TURN) 17字节: [17,0,22,0,85,117,8,0,34,1,0,0,120,2,0,0,6]
[DEBU] proc.mirtcp.util 2020/05/22 13:58:24 ---> 服务端发送 (server.OBJECT_WALK) 17字节: [17,0,23,0,104,117,8,0,14,1,0,0,114,2,0,0,0]
[DEBU] proc.mirtcp.util 2020/05/22 13:58:24 ---> 服务端发送 (server.OBJECT_TURN) 17字节: [17,0,22,0,111,117,8,0,48,1,0,0,88,2,0,0,4]
[DEBU] proc.mirtcp.util 2020/05/22 13:58:24 ---> 服务端发送 (server.OBJECT_WALK) 17字节: [17,0,23,0,114,117,8,0,52,1,0,0,93,2,0,0,0]
[DEBU] proc.mirtcp.util 2020/05/22 13:58:25 ---> 服务端发送 (server.OBJECT_WALK) 17字节: [17,0,23,0,37,117,8,0,30,1,0,0,104,2,0,0,0]
[DEBU] proc.mirtcp.util 2020/05/22 13:58:25 ---> 服务端发送 (server.OBJECT_TURN) 17字节: [17,0,22,0,116,117,8,0,46,1,0,0,113,2,0,0,0]
[DEBU] proc.mirtcp.util 2020/05/22 13:58:25 ---> 服务端发送 (server.OBJECT_WALK) 17字节: [17,0,23,0,178,116,8,0,32,1,0,0,91,2,0,0,0]
[DEBU] proc.mirtcp.util 2020/05/22 13:58:25 ---> 服务端发送 (server.OBJECT_TURN) 17字节: [17,0,22,0,88,117,8,0,10,1,0,0,100,2,0,0,7]
[DEBU] proc.mirtcp.util 2020/05/22 13:58:25 ---> 服务端发送 (server.OBJECT_WALK) 17字节: [17,0,23,0,37,117,8,0,30,1,0,0,104,2,0,0,0]
[DEBU] proc.mirtcp.util 2020/05/22 13:58:25 ---> 服务端发送 (server.OBJECT_TURN) 17字节: [17,0,22,0,116,117,8,0,46,1,0,0,113,2,0,0,0]
[DEBU] proc.mirtcp.util 2020/05/22 13:58:25 ---> 服务端发送 (server.OBJECT_WALK) 17字节: [17,0,23,0,178,116,8,0,32,1,0,0,91,2,0,0,0]
[DEBU] proc.mirtcp.util 2020/05/22 13:58:25 ---> 服务端发送 (server.OBJECT_TURN) 17字节: [17,0,22,0,114,117,8,0,52,1,0,0,93,2,0,0,3]
[DEBU] proc.mirtcp.util 2020/05/22 13:58:25 ---> 服务端发送 (server.OBJECT_WALK) 17字节: [17,0,23,0,99,117,8,0,48,1,0,0,117,2,0,0,0]
[DEBU] proc.mirtcp.util 2020/05/22 13:58:25 ---> 服务端发送 (server.OBJECT_WALK) 17字节: [17,0,23,0,78,116,8,0,44,1,0,0,84,2,0,0,0]
[DEBU] proc.mirtcp.util 2020/05/22 13:58:26 ---> 服务端发送 (server.OBJECT_TURN) 17字节: [17,0,22,0,46,117,8,0,40,1,0,0,96,2,0,0,4]
[DEBU] proc.mirtcp.util 2020/05/22 13:58:26 ---> 服务端发送 (server.OBJECT_WALK) 17字节: [17,0,23,0,10,117,8,0,8,1,0,0,97,2,0,0,5]
[DEBU] proc.mirtcp.util 2020/05/22 13:58:26 ---> 服务端发送 (server.OBJECT_TURN) 17字节: [17,0,22,0,46,117,8,0,40,1,0,0,96,2,0,0,4]
[DEBU] proc.mirtcp.util 2020/05/22 13:58:26 ---> 服务端发送 (server.OBJECT_WALK) 17字节: [17,0,23,0,88,117,8,0,9,1,0,0,99,2,0,0,7]
[DEBU] server 2020/05/22 13:58:26 Monster[稻草人]AI[0] Attack [fanfan]
[DEBU] server 2020/05/22 13:58:26 Player attacked DefenceTypeAgility
[DEBU] server 2020/05/22 13:58:26 p.Agility: 15,attacker.Accuracy: 5
[DEBU] server 2020/05/22 13:58:26 util.RandomNext(int(p.Agility)+1): 5
[DEBU] server 2020/05/22 13:58:26 Monster[稻草人]AI[0] Attack [fanfan]
[DEBU] server 2020/05/22 13:58:26 Player fanfan attacked,armour: 0,damage: 3. armour - damage: -3
[DEBU] server 2020/05/22 13:58:26 Player fanfan HP: 2,MP: 14,MaxHP: 18,MaxMP: 14
[DEBU] server 2020/05/22 13:58:26 Player fanfan ChangeHP: -3
[DEBU] server 2020/05/22 13:58:26 Player fanfan HP: 0,MP: 14,MaxHP: 18,MaxMP: 14
[DEBU] proc.mirtcp.util 2020/05/22 13:58:26 ---> 服务端发送 (server.OBJECT_ATTACK) 20字节: [20,0,60,0,83,117,8,0,26,1,0,0,106,2,0,0,3,0,0,0]
[DEBU] proc.mirtcp.util 2020/05/22 13:58:26 ---> 服务端发送 (server.DAMAGE_INDICATOR) 13字节: [13,0,63,0,0,0,0,0,1,1,0,0,0]
[DEBU] proc.mirtcp.util 2020/05/22 13:58:26 ---> 服务端发送 (server.OBJECT_ATTACK) 20字节: [20,0,60,0,89,117,8,0,28,1,0,0,107,2,0,0,6,0,0,0]
[DEBU] proc.mirtcp.util 2020/05/22 13:58:26 ---> 服务端发送 (server.OBJECT_STRUCK) 21字节: [21,0,62,0,1,0,0,0,89,117,8,0,27,1,0,0,107,2,0,0,0]
[DEBU] proc.mirtcp.util 2020/05/22 13:58:26 ---> 服务端发送 (server.DAMAGE_INDICATOR) 13字节: [13,0,63,0,253,255,255,255,0,1,0,0,0]
[DEBU] proc.mirtcp.util 2020/05/22 13:58:26 ---> 服务端发送 (server.OBJECT_DIED) 18字节: [18,0,68,0,1,0,0,0,27,1,0,0,107,2,0,0,0,0]
[DEBU] proc.mirtcp.util 2020/05/22 13:58:26 ---> 服务端发送 (server.OBJECT_HEALTH) 10字节: [10,0,121,0,1,0,0,0,0,5]
[DEBU] proc.mirtcp.util 2020/05/22 13:58:26 ---> 服务端发送 (server.OBJECT_ATTACK) 20字节: [20,0,60,0,83,117,8,0,26,1,0,0,106,2,0,0,3,0,0,0]
[DEBU] proc.mirtcp.util 2020/05/22 13:58:26 ---> 服务端发送 (server.DAMAGE_INDICATOR) 13字节: [13,0,63,0,0,0,0,0,1,1,0,0,0]
[DEBU] proc.mirtcp.util 2020/05/22 13:58:26 ---> 服务端发送 (server.OBJECT_ATTACK) 20字节: [20,0,60,0,89,117,8,0,28,1,0,0,107,2,0,0,6,0,0,0]
[DEBU] proc.mirtcp.util 2020/05/22 13:58:26 ---> 服务端发送 (server.STRUCK) 8字节: [8,0,61,0,89,117,8,0]
[DEBU] proc.mirtcp.util 2020/05/22 13:58:26 ---> 服务端发送 (server.DAMAGE_INDICATOR) 13字节: [13,0,63,0,253,255,255,255,0,1,0,0,0]
[DEBU] proc.mirtcp.util 2020/05/22 13:58:26 ---> 服务端发送 (server.DEATH) 13字节: [13,0,67,0,27,1,0,0,107,2,0,0,0]
[DEBU] proc.mirtcp.util 2020/05/22 13:58:26 ---> 服务端发送 (server.NPC_UPDATE) 8字节: [8,0,155,0,83,110,8,0]
[DEBU] proc.mirtcp.util 2020/05/22 13:58:26 ---> 服务端发送 (server.HEALTH_CHANGED) 8字节: [8,0,65,0,0,0,14,0]
[DEBU] proc.mirtcp.util 2020/05/22 13:58:26 ---> 服务端发送 (server.OBJECT_WALK) 17字节: [17,0,23,0,83,117,8,0,27,1,0,0,105,2,0,0,1]
[DEBU] proc.mirtcp.util 2020/05/22 13:58:26 ---> 服务端发送 (server.OBJECT_WALK) 17字节: [17,0,23,0,89,117,8,0,29,1,0,0,106,2,0,0,1]
[DEBU] proc.mirtcp.util 2020/05/22 13:58:26 ---> 服务端发送 (server.OBJECT_WALK) 17字节: [17,0,23,0,83,117,8,0,27,1,0,0,105,2,0,0,1]
[DEBU] proc.mirtcp.util 2020/05/22 13:58:26 ---> 服务端发送 (server.OBJECT_WALK) 17字节: [17,0,23,0,89,117,8,0,29,1,0,0,106,2,0,0,1]
[WARN] server 2020/05/22 13:58:26 NPC 脚本执行失败: 552531 [@_] no page[@_]
[DEBU] server 2020/05/22 13:58:26 call npc  [@_]
[DEBU] proc.mirtcp.util 2020/05/22 13:58:26 ---> 服务端发送 (server.NPC_RESPONSE) 8字节: [8,0,78,0,0,0,0,0]
[DEBU] proc.mirtcp.util 2020/05/22 13:58:27 ---> 服务端发送 (server.OBJECT_TURN) 17字节: [17,0,22,0,103,117,8,0,39,1,0,0,114,2,0,0,1]
[DEBU] proc.mirtcp.util 2020/05/22 13:58:27 ---> 服务端发送 (server.OBJECT_TURN) 17字节: [17,0,22,0,37,117,8,0,30,1,0,0,104,2,0,0,4]
[DEBU] proc.mirtcp.util 2020/05/22 13:58:27 ---> 服务端发送 (server.OBJECT_WALK) 17字节: [17,0,23,0,116,117,8,0,46,1,0,0,112,2,0,0,0]
[DEBU] proc.mirtcp.util 2020/05/22 13:58:27 ---> 服务端发送 (server.OBJECT_TURN) 17字节: [17,0,22,0,103,117,8,0,39,1,0,0,114,2,0,0,1]
[DEBU] proc.mirtcp.util 2020/05/22 13:58:27 ---> 服务端发送 (server.OBJECT_TURN) 17字节: [17,0,22,0,37,117,8,0,30,1,0,0,104,2,0,0,4]
[DEBU] proc.mirtcp.util 2020/05/22 13:58:27 ---> 服务端发送 (server.OBJECT_WALK) 17字节: [17,0,23,0,116,117,8,0,46,1,0,0,112,2,0,0,0]
[DEBU] proc.mirtcp.util 2020/05/22 13:58:27 ---> 服务端发送 (server.OBJECT_WALK) 17字节: [17,0,23,0,89,117,8,0,30,1,0,0,105,2,0,0,1]
[DEBU] proc.mirtcp.util 2020/05/22 13:58:27 ---> 服务端发送 (server.OBJECT_WALK) 17字节: [17,0,23,0,83,117,8,0,28,1,0,0,104,2,0,0,1]
[DEBU] proc.mirtcp.util 2020/05/22 13:58:27 ---> 服务端发送 (server.OBJECT_WALK) 17字节: [17,0,23,0,89,117,8,0,30,1,0,0,105,2,0,0,1]
[DEBU] proc.mirtcp.util 2020/05/22 13:58:27 ---> 服务端发送 (server.OBJECT_WALK) 17字节: [17,0,23,0,83,117,8,0,28,1,0,0,104,2,0,0,1]
[DEBU] proc.mirtcp.util 2020/05/22 13:58:28 ---> 服务端发送 (server.OBJECT_WALK) 17字节: [17,0,23,0,116,117,8,0,46,1,0,0,111,2,0,0,0]
[DEBU] proc.mirtcp.util 2020/05/22 13:58:28 ---> 服务端发送 (server.OBJECT_WALK) 17字节: [17,0,23,0,178,116,8,0,32,1,0,0,90,2,0,0,0]
[DEBU] proc.mirtcp.util 2020/05/22 13:58:28 ---> 服务端发送 (server.OBJECT_WALK) 17字节: [17,0,23,0,9,117,8,0,33,1,0,0,109,2,0,0,0]
[DEBU] proc.mirtcp.util 2020/05/22 13:58:28 ---> 服务端发送 (server.OBJECT_TURN) 17字节: [17,0,22,0,37,117,8,0,30,1,0,0,104,2,0,0,4]
[DEBU] proc.mirtcp.util 2020/05/22 13:58:28 ---> 服务端发送 (server.OBJECT_WALK) 17字节: [17,0,23,0,116,117,8,0,46,1,0,0,111,2,0,0,0]
[DEBU] proc.mirtcp.util 2020/05/22 13:58:28 ---> 服务端发送 (server.OBJECT_WALK) 17字节: [17,0,23,0,178,116,8,0,32,1,0,0,90,2,0,0,0]
[DEBU] proc.mirtcp.util 2020/05/22 13:58:28 ---> 服务端发送 (server.OBJECT_WALK) 17字节: [17,0,23,0,9,117,8,0,33,1,0,0,109,2,0,0,0]
[DEBU] proc.mirtcp.util 2020/05/22 13:58:28 ---> 服务端发送 (server.OBJECT_TURN) 17字节: [17,0,22,0,37,117,8,0,30,1,0,0,104,2,0,0,4]
[DEBU] proc.mirtcp.util 2020/05/22 13:58:28 ---> 服务端发送 (server.OBJECT_WALK) 17字节: [17,0,23,0,83,117,8,0,29,1,0,0,104,2,0,0,2]
[DEBU] proc.mirtcp.util 2020/05/22 13:58:28 ---> 服务端发送 (server.OBJECT_WALK) 17字节: [17,0,23,0,89,117,8,0,31,1,0,0,104,2,0,0,1]
[DEBU] proc.mirtcp.util 2020/05/22 13:58:28 ---> 服务端发送 (server.OBJECT_WALK) 17字节: [17,0,23,0,83,117,8,0,29,1,0,0,104,2,0,0,2]
[DEBU] proc.mirtcp.util 2020/05/22 13:58:28 ---> 服务端发送 (server.OBJECT_WALK) 17字节: [17,0,23,0,89,117,8,0,31,1,0,0,104,2,0,0,1]
[DEBU] server 2020/05/22 13:58:28 SessionClosed
[DEBU] proc.mirtcp.util 2020/05/22 13:58:28 ---> 服务端发送 (server.OBJECT_REMOVE) 8字节: [8,0,21,0,1,0,0,0]
